<?xml version="1.0" encoding="UTF-8"?>
<!-- Generated by org.testng.reporters.JUnitReportReporter -->
<testsuite skipped="0" hostname="DESKTOP-CLP44QM" name="TestNGTest.NewTest" tests="1" failures="0" timestamp="11 Nov 2020 10:16:26 GMT" time="30.223" errors="0">
  <testcase name="VerifyLoginPage" time="30.223" classname="TestNGTest.NewTest"/>
</testsuite> <!-- TestNGTest.NewTest -->
